#
# A fatal error has been detected by the Java Runtime Environment:
#
#  Internal Error (javaClasses.cpp:129), pid=26998, tid=139905872205568
#  fatal error: Invalid layout of preloaded class
#
# JRE version: 7.0_09-b05
# Java VM: Java HotSpot(TM) 64-Bit Server VM (23.5-b02 mixed mode linux-amd64 compressed oops)
# Failed to write core dump. Core dumps have been disabled. To enable core dumping, try "ulimit -c unlimited" before starting Java again
#
# If you would like to submit a bug report, please visit:
#   http://bugreport.sun.com/bugreport/crash.jsp
#

---------------  T H R E A D  ---------------

Current thread (0x00007f3e58007000):  JavaThread "Unknown thread" [_thread_in_vm, id=27003, stack(0x00007f3e5fc09000,0x00007f3e5fd0a000)]

Stack: [0x00007f3e5fc09000,0x00007f3e5fd0a000],  sp=0x00007f3e5fd087a0,  free space=1021k
Native frames: (J=compiled Java code, j=interpreted, Vv=VM code, C=native code)
V  [libjvm.so+0x8a531a]  VMError::report_and_die()+0x2ea
V  [libjvm.so+0x40aeb9]  report_fatal(char const*, int, char const*)+0x59
V  [libjvm.so+0x5558f7]  compute_offset(int&, klassOopDesc*, Symbol*, Symbol*, bool)+0x137
V  [libjvm.so+0x556ab9]  java_lang_String::compute_offsets()+0x39
V  [libjvm.so+0x8343d3]  SystemDictionary::initialize_preloaded_classes(Thread*)+0x143
V  [libjvm.so+0x880514]  Universe::genesis(Thread*)+0x474
V  [libjvm.so+0x8809c4]  universe2_init()+0x24
V  [libjvm.so+0x503d0d]  init_globals()+0xbd
V  [libjvm.so+0x866f62]  Threads::create_vm(JavaVMInitArgs*, bool*)+0x1e2
V  [libjvm.so+0x563bc4]  JNI_CreateJavaVM+0x74
C  [libjli.so+0x337e]  JavaMain+0x9e


---------------  P R O C E S S  ---------------

Java Threads: ( => current thread )

Other Threads:

=>0x00007f3e58007000 (exited) JavaThread "Unknown thread" [_thread_in_vm, id=27003, stack(0x00007f3e5fc09000,0x00007f3e5fd0a000)]

VM state:not at safepoint (not fully initialized)

VM Mutex/Monitor currently owned by a thread: None

GC Heap History (0 events):
No events

Deoptimization events (0 events):
No events

Internal exceptions (0 events):
No events

Events (10 events):
Event: 0.006 loading class 0x00007f3e58024830
Event: 0.007 loading class 0x00007f3e58024830 done
Event: 0.007 loading class 0x00007f3e58024890
Event: 0.007 loading class 0x00007f3e58024ff0
Event: 0.007 loading class 0x00007f3e58024ff0 done
Event: 0.007 loading class 0x00007f3e5804e8d0
Event: 0.007 loading class 0x00007f3e5804e8d0 done
Event: 0.007 loading class 0x00007f3e58024890 done
Event: 0.007 loading class 0x00007f3e58024860
Event: 0.007 loading class 0x00007f3e58024860 done


Dynamic libraries:
00400000-00401000 r-xp 00000000 08:02 1709286                            /usr/java/jdk1.7.0/bin/java
00600000-00601000 rw-p 00000000 08:02 1709286                            /usr/java/jdk1.7.0/bin/java
02227000-02248000 rw-p 00000000 00:00 0                                  [heap]
c0200000-c16c0000 rw-p 00000000 00:00 0 
c16c0000-c5400000 rw-p 00000000 00:00 0 
c5400000-c7b30000 rw-p 00000000 00:00 0 
c7b30000-ec6b0000 rw-p 00000000 00:00 0 
ec6b0000-eda40000 rw-p 00000000 00:00 0 
eda40000-100000000 rw-p 00000000 00:00 0 
30b4200000-30b4220000 r-xp 00000000 08:05 243                            /lib64/ld-2.12.so
30b441f000-30b4420000 r--p 0001f000 08:05 243                            /lib64/ld-2.12.so
30b4420000-30b4421000 rw-p 00020000 08:05 243                            /lib64/ld-2.12.so
30b4421000-30b4422000 rw-p 00000000 00:00 0 
30b4600000-30b478b000 r-xp 00000000 08:05 3015                           /lib64/libc-2.12.so
30b478b000-30b498a000 ---p 0018b000 08:05 3015                           /lib64/libc-2.12.so
30b498a000-30b498e000 r--p 0018a000 08:05 3015                           /lib64/libc-2.12.so
30b498e000-30b498f000 rw-p 0018e000 08:05 3015                           /lib64/libc-2.12.so
30b498f000-30b4994000 rw-p 00000000 00:00 0 
30b4a00000-30b4a83000 r-xp 00000000 08:05 3016                           /lib64/libm-2.12.so
30b4a83000-30b4c82000 ---p 00083000 08:05 3016                           /lib64/libm-2.12.so
30b4c82000-30b4c83000 r--p 00082000 08:05 3016                           /lib64/libm-2.12.so
30b4c83000-30b4c84000 rw-p 00083000 08:05 3016                           /lib64/libm-2.12.so
30b4e00000-30b4e02000 r-xp 00000000 08:05 3078                           /lib64/libdl-2.12.so
30b4e02000-30b5002000 ---p 00002000 08:05 3078                           /lib64/libdl-2.12.so
30b5002000-30b5003000 r--p 00002000 08:05 3078                           /lib64/libdl-2.12.so
30b5003000-30b5004000 rw-p 00003000 08:05 3078                           /lib64/libdl-2.12.so
30b5200000-30b5217000 r-xp 00000000 08:05 3075                           /lib64/libpthread-2.12.so
30b5217000-30b5417000 ---p 00017000 08:05 3075                           /lib64/libpthread-2.12.so
30b5417000-30b5418000 r--p 00017000 08:05 3075                           /lib64/libpthread-2.12.so
30b5418000-30b5419000 rw-p 00018000 08:05 3075                           /lib64/libpthread-2.12.so
30b5419000-30b541d000 rw-p 00000000 00:00 0 
30b5a00000-30b5a07000 r-xp 00000000 08:05 3081                           /lib64/librt-2.12.so
30b5a07000-30b5c06000 ---p 00007000 08:05 3081                           /lib64/librt-2.12.so
30b5c06000-30b5c07000 r--p 00006000 08:05 3081                           /lib64/librt-2.12.so
30b5c07000-30b5c08000 rw-p 00007000 08:05 3081                           /lib64/librt-2.12.so
7f3e48000000-7f3e48021000 rw-p 00000000 00:00 0 
7f3e48021000-7f3e4c000000 ---p 00000000 00:00 0 
7f3e50000000-7f3e50021000 rw-p 00000000 00:00 0 
7f3e50021000-7f3e54000000 ---p 00000000 00:00 0 
7f3e5551b000-7f3e57eff000 rw-p 00000000 00:00 0 
7f3e57eff000-7f3e57f00000 ---p 00000000 00:00 0 
7f3e57f00000-7f3e58000000 rw-p 00000000 00:00 0 
7f3e58000000-7f3e58058000 rw-p 00000000 00:00 0 
7f3e58058000-7f3e5c000000 ---p 00000000 00:00 0 
7f3e5c02d000-7f3e5c055000 rw-p 00000000 00:00 0 
7f3e5c055000-7f3e5c056000 ---p 00000000 00:00 0 
7f3e5c056000-7f3e5c161000 rw-p 00000000 00:00 0 
7f3e5c161000-7f3e5c17f000 rw-p 00000000 00:00 0 
7f3e5c17f000-7f3e5c193000 rw-p 00000000 00:00 0 
7f3e5c193000-7f3e5c2b9000 rw-p 00000000 00:00 0 
7f3e5c2b9000-7f3e5c2c4000 rw-p 00000000 00:00 0 
7f3e5c2c4000-7f3e5c2e2000 rw-p 00000000 00:00 0 
7f3e5c2e2000-7f3e5c2f6000 rw-p 00000000 00:00 0 
7f3e5c2f6000-7f3e5c41b000 rw-p 00000000 00:00 0 
7f3e5c41b000-7f3e5c426000 rw-p 00000000 00:00 0 
7f3e5c426000-7f3e5c4b8000 rw-p 00000000 00:00 0 
7f3e5c4b8000-7f3e5c4c3000 rw-p 00000000 00:00 0 
7f3e5c4c3000-7f3e5c579000 rw-p 00000000 00:00 0 
7f3e5c579000-7f3e5c7e9000 rwxp 00000000 00:00 0 
7f3e5c7e9000-7f3e5f579000 rw-p 00000000 00:00 0 
7f3e5f579000-7f3e5f593000 r-xp 00000000 08:02 1709460                    /usr/java/jdk1.7.0/jre/lib/amd64/libzip.so
7f3e5f593000-7f3e5f793000 ---p 0001a000 08:02 1709460                    /usr/java/jdk1.7.0/jre/lib/amd64/libzip.so
7f3e5f793000-7f3e5f794000 rw-p 0001a000 08:02 1709460                    /usr/java/jdk1.7.0/jre/lib/amd64/libzip.so
7f3e5f794000-7f3e5f7d0000 r--s 00000000 08:03 395285                     /var/db/nscd/passwd
7f3e5f7d0000-7f3e5f7f9000 r-xp 00000000 08:02 1709429                    /usr/java/jdk1.7.0/jre/lib/amd64/libjava.so
7f3e5f7f9000-7f3e5f9f9000 ---p 00029000 08:02 1709429                    /usr/java/jdk1.7.0/jre/lib/amd64/libjava.so
7f3e5f9f9000-7f3e5f9fb000 rw-p 00029000 08:02 1709429                    /usr/java/jdk1.7.0/jre/lib/amd64/libjava.so
7f3e5f9fb000-7f3e5fa08000 r-xp 00000000 08:02 1709459                    /usr/java/jdk1.7.0/jre/lib/amd64/libverify.so
7f3e5fa08000-7f3e5fc07000 ---p 0000d000 08:02 1709459                    /usr/java/jdk1.7.0/jre/lib/amd64/libverify.so
7f3e5fc07000-7f3e5fc09000 rw-p 0000c000 08:02 1709459                    /usr/java/jdk1.7.0/jre/lib/amd64/libverify.so
7f3e5fc09000-7f3e5fc0c000 ---p 00000000 00:00 0 
7f3e5fc0c000-7f3e5fd0a000 rw-p 00000000 00:00 0 
7f3e5fd0a000-7f3e60751000 r-xp 00000000 08:02 1709464                    /usr/java/jdk1.7.0/jre/lib/amd64/server/libjvm.so
7f3e60751000-7f3e60950000 ---p 00a47000 08:02 1709464                    /usr/java/jdk1.7.0/jre/lib/amd64/server/libjvm.so
7f3e60950000-7f3e609f4000 rw-p 00a46000 08:02 1709464                    /usr/java/jdk1.7.0/jre/lib/amd64/server/libjvm.so
7f3e609f4000-7f3e60a33000 rw-p 00000000 00:00 0 
7f3e60a33000-7f3e60a49000 r-xp 00000000 08:02 1709411                    /usr/java/jdk1.7.0/jre/lib/amd64/jli/libjli.so
7f3e60a49000-7f3e60c48000 ---p 00016000 08:02 1709411                    /usr/java/jdk1.7.0/jre/lib/amd64/jli/libjli.so
7f3e60c48000-7f3e60c49000 rw-p 00015000 08:02 1709411                    /usr/java/jdk1.7.0/jre/lib/amd64/jli/libjli.so
7f3e60c49000-7f3e60c4a000 rw-p 00000000 00:00 0 
7f3e60c58000-7f3e60c59000 rw-p 00000000 00:00 0 
7f3e60c59000-7f3e60c69000 r--s 000bf000 00:17 21717468                   /bham/pd/packages/EL6/x86_64/leJOS_NXJ_0.9.1beta-3/lib/nxt/classes.jar
7f3e60c69000-7f3e60c71000 rw-s 00000000 08:07 185                        /tmp/hsperfdata_cyc341/26998
7f3e60c71000-7f3e60c72000 rw-p 00000000 00:00 0 
7f3e60c72000-7f3e60c73000 r--p 00000000 00:00 0 
7f3e60c73000-7f3e60c74000 rw-p 00000000 00:00 0 
7fff7029b000-7fff702b1000 rw-p 00000000 00:00 0                          [stack]
7fff703ff000-7fff70400000 r-xp 00000000 00:00 0                          [vdso]
ffffffffff600000-ffffffffff601000 r-xp 00000000 00:00 0                  [vsyscall]

VM Arguments:
jvm_args: -Dfile.encoding=ISO-8859-1 -Xbootclasspath:/bham/pd/packages/SL6/x86_64/leJOS_NXJ_0.9.1beta-3/lib/nxt/classes.jar 
java_command: localisation.Localisation
Launcher Type: SUN_STANDARD

Environment Variables:
JAVA_HOME=/usr/java/jdk1.7.0
CLASSPATH=.
PATH=/bham/pd/packages/SL6/x86_64/leJOS_NXJ_0.9.1beta-3/bin:/bham/pd/packages/SL6/x86_64/apache-ant-1.9.3/bin:/usr/lib64/qt-3.3/bin:/bham/pd/packages/SL6/x86_64/apache-maven-3.0.4/bin:/usr/java/jdk1.7.0/bin:/bham/com/packages/matlab-R2010bSP1-x64/bin:/bham/com/packages/sicstus-4.2.0/bin:/usr/local/bin:/bham/pd/packages/SL6/x86_64/bin:/bham/pd/packages/SL6/x86_64/scilab-5.3.3/bin:/usr/local/bin:/bham/bin:/bham/com/bin:/bin:/usr/bin:/usr/local/bin:/bham/bin:/bham/pd/bin:/bham/com/bin:/bin:/usr/bin:/bham/pd/bin:/bin:.:/usr/bin:.
USERNAME=cyc341
LD_LIBRARY_PATH=/usr/java/jdk1.7.0/jre/lib/amd64/server:/usr/java/jdk1.7.0/jre/lib/amd64:/usr/java/jdk1.7.0/jre/../lib/amd64:/lib:/usr/lib:/bham/pd/lib:/usr/java/jdk1.7.0/jre/lib:/usr/java/jdk1.7.0/jre/lib/amd64/xawt:/usr/java/jdk1.7.0/jre/lib/amd64:/usr/java/jdk1.7.0/jre/lib/amd64/server:/bham/pd/packages/SL6/x86_64/scilab-5.3.3/lib:/bham/X11/lib:/bham/X11/pd/lib
SHELL=/bin/tcsh
DISPLAY=:1.0
HOSTTYPE=x86_64-linux
OSTYPE=linux
MACHTYPE=x86_64

Signal Handlers:
SIGSEGV: [libjvm.so+0x8a5c80], sa_mask[0]=0x7ffbfeff, sa_flags=0x10000004
SIGBUS: [libjvm.so+0x8a5c80], sa_mask[0]=0x7ffbfeff, sa_flags=0x10000004
SIGFPE: [libjvm.so+0x741d60], sa_mask[0]=0x7ffbfeff, sa_flags=0x10000004
SIGPIPE: [libjvm.so+0x741d60], sa_mask[0]=0x7ffbfeff, sa_flags=0x10000004
SIGXFSZ: [libjvm.so+0x741d60], sa_mask[0]=0x7ffbfeff, sa_flags=0x10000004
SIGILL: [libjvm.so+0x741d60], sa_mask[0]=0x7ffbfeff, sa_flags=0x10000004
SIGUSR1: SIG_DFL, sa_mask[0]=0x00000000, sa_flags=0x00000000
SIGUSR2: [libjvm.so+0x7416b0], sa_mask[0]=0x00000004, sa_flags=0x10000004
SIGHUP: SIG_DFL, sa_mask[0]=0x00000000, sa_flags=0x00000000
SIGINT: SIG_DFL, sa_mask[0]=0x00000000, sa_flags=0x00000000
SIGTERM: SIG_DFL, sa_mask[0]=0x00000000, sa_flags=0x00000000
SIGQUIT: SIG_DFL, sa_mask[0]=0x00000000, sa_flags=0x00000000


---------------  S Y S T E M  ---------------

OS:Scientific Linux release 6.5 (Carbon)

uname:Linux 2.6.32-431.5.1.el6.x86_64 #1 SMP Tue Feb 11 13:30:01 CST 2014 x86_64
libc:glibc 2.12 NPTL 2.12 
rlimit: STACK 10240k, CORE 0k, NPROC 1024, NOFILE 4096, AS infinity
load average:0.00 0.08 0.18

/proc/meminfo:
MemTotal:        3846800 kB
MemFree:          833972 kB
Buffers:           57760 kB
Cached:           644976 kB
SwapCached:         2440 kB
Active:          1846836 kB
Inactive:         926912 kB
Active(anon):    1595348 kB
Inactive(anon):   648372 kB
Active(file):     251488 kB
Inactive(file):   278540 kB
Unevictable:           0 kB
Mlocked:               0 kB
SwapTotal:       4194296 kB
SwapFree:        4183080 kB
Dirty:                84 kB
Writeback:             0 kB
AnonPages:       2067668 kB
Mapped:           118540 kB
Shmem:            172708 kB
Slab:             138884 kB
SReclaimable:      97488 kB
SUnreclaim:        41396 kB
KernelStack:        3616 kB
PageTables:        43260 kB
NFS_Unstable:          0 kB
Bounce:                0 kB
WritebackTmp:          0 kB
CommitLimit:     6117696 kB
Committed_AS:    4028500 kB
VmallocTotal:   34359738367 kB
VmallocUsed:      422180 kB
VmallocChunk:   34359310788 kB
HardwareCorrupted:     0 kB
AnonHugePages:   1122304 kB
HugePages_Total:       0
HugePages_Free:        0
HugePages_Rsvd:        0
HugePages_Surp:        0
Hugepagesize:       2048 kB
DirectMap4k:        9216 kB
DirectMap2M:     4110336 kB


CPU:total 2 (2 cores per cpu, 1 threads per core) family 6 model 15 stepping 6, cmov, cx8, fxsr, mmx, sse, sse2, sse3, ssse3, tsc

/proc/cpuinfo:
processor	: 0
vendor_id	: GenuineIntel
cpu family	: 6
model		: 15
model name	: Intel(R) Core(TM)2 CPU          6600  @ 2.40GHz
stepping	: 6
cpu MHz		: 2394.000
cache size	: 4096 KB
physical id	: 0
siblings	: 2
core id		: 0
cpu cores	: 2
apicid		: 0
initial apicid	: 0
fpu		: yes
fpu_exception	: yes
cpuid level	: 10
wp		: yes
flags		: fpu vme de pse tsc msr pae mce cx8 apic sep mtrr pge mca cmov pat pse36 clflush dts acpi mmx fxsr sse sse2 ss ht tm pbe syscall nx lm constant_tsc arch_perfmon pebs bts rep_good aperfmperf pni dtes64 monitor ds_cpl vmx est tm2 ssse3 cx16 xtpr pdcm lahf_lm dts tpr_shadow
bogomips	: 4794.95
clflush size	: 64
cache_alignment	: 64
address sizes	: 36 bits physical, 48 bits virtual
power management:

processor	: 1
vendor_id	: GenuineIntel
cpu family	: 6
model		: 15
model name	: Intel(R) Core(TM)2 CPU          6600  @ 2.40GHz
stepping	: 6
cpu MHz		: 1596.000
cache size	: 4096 KB
physical id	: 0
siblings	: 2
core id		: 1
cpu cores	: 2
apicid		: 1
initial apicid	: 1
fpu		: yes
fpu_exception	: yes
cpuid level	: 10
wp		: yes
flags		: fpu vme de pse tsc msr pae mce cx8 apic sep mtrr pge mca cmov pat pse36 clflush dts acpi mmx fxsr sse sse2 ss ht tm pbe syscall nx lm constant_tsc arch_perfmon pebs bts rep_good aperfmperf pni dtes64 monitor ds_cpl vmx est tm2 ssse3 cx16 xtpr pdcm lahf_lm dts tpr_shadow
bogomips	: 4794.95
clflush size	: 64
cache_alignment	: 64
address sizes	: 36 bits physical, 48 bits virtual
power management:



Memory: 4k page, physical 3846800k(833972k free), swap 4194296k(4183080k free)

vm_info: Java HotSpot(TM) 64-Bit Server VM (23.5-b02) for linux-amd64 JRE (1.7.0_09-b05), built on Sep 24 2012 20:07:15 by "java_re" with gcc 4.3.0 20080428 (Red Hat 4.3.0-8)

time: Mon Mar 24 15:53:46 2014
elapsed time: 0 seconds

