#
# A fatal error has been detected by the Java Runtime Environment:
#
#  Internal Error (javaClasses.cpp:129), pid=12072, tid=140338350073600
#  fatal error: Invalid layout of preloaded class
#
# JRE version: 7.0_09-b05
# Java VM: Java HotSpot(TM) 64-Bit Server VM (23.5-b02 mixed mode linux-amd64 compressed oops)
# Failed to write core dump. Core dumps have been disabled. To enable core dumping, try "ulimit -c unlimited" before starting Java again
#
# If you would like to submit a bug report, please visit:
#   http://bugreport.sun.com/bugreport/crash.jsp
#

---------------  T H R E A D  ---------------

Current thread (0x00007fa30c007000):  JavaThread "Unknown thread" [_thread_in_vm, id=12074, stack(0x00007fa311712000,0x00007fa311813000)]

Stack: [0x00007fa311712000,0x00007fa311813000],  sp=0x00007fa3118117a0,  free space=1021k
Native frames: (J=compiled Java code, j=interpreted, Vv=VM code, C=native code)
V  [libjvm.so+0x8a531a]  VMError::report_and_die()+0x2ea
V  [libjvm.so+0x40aeb9]  report_fatal(char const*, int, char const*)+0x59
V  [libjvm.so+0x5558f7]  compute_offset(int&, klassOopDesc*, Symbol*, Symbol*, bool)+0x137
V  [libjvm.so+0x556ab9]  java_lang_String::compute_offsets()+0x39
V  [libjvm.so+0x8343d3]  SystemDictionary::initialize_preloaded_classes(Thread*)+0x143
V  [libjvm.so+0x880514]  Universe::genesis(Thread*)+0x474
V  [libjvm.so+0x8809c4]  universe2_init()+0x24
V  [libjvm.so+0x503d0d]  init_globals()+0xbd
V  [libjvm.so+0x866f62]  Threads::create_vm(JavaVMInitArgs*, bool*)+0x1e2
V  [libjvm.so+0x563bc4]  JNI_CreateJavaVM+0x74
C  [libjli.so+0x337e]  JavaMain+0x9e


---------------  P R O C E S S  ---------------

Java Threads: ( => current thread )

Other Threads:

=>0x00007fa30c007000 (exited) JavaThread "Unknown thread" [_thread_in_vm, id=12074, stack(0x00007fa311712000,0x00007fa311813000)]

VM state:not at safepoint (not fully initialized)

VM Mutex/Monitor currently owned by a thread: None

GC Heap History (0 events):
No events

Deoptimization events (0 events):
No events

Internal exceptions (0 events):
No events

Events (10 events):
Event: 0.009 loading class 0x00007fa30c028340
Event: 0.010 loading class 0x00007fa30c028340 done
Event: 0.010 loading class 0x00007fa30c0283a0
Event: 0.010 loading class 0x00007fa30c028b00
Event: 0.010 loading class 0x00007fa30c028b00 done
Event: 0.010 loading class 0x00007fa30c0523e0
Event: 0.010 loading class 0x00007fa30c0523e0 done
Event: 0.010 loading class 0x00007fa30c0283a0 done
Event: 0.010 loading class 0x00007fa30c028370
Event: 0.010 loading class 0x00007fa30c028370 done


Dynamic libraries:
00400000-00401000 r-xp 00000000 08:01 1835025                            /usr/java/jdk1.7.0/bin/java
00600000-00601000 rw-p 00000000 08:01 1835025                            /usr/java/jdk1.7.0/bin/java
019bc000-019dd000 rw-p 00000000 00:00 0                                  [heap]
c0400000-c18c0000 rw-p 00000000 00:00 0 
c18c0000-c5600000 rw-p 00000000 00:00 0 
c5600000-c7d20000 rw-p 00000000 00:00 0 
c7d20000-ec760000 rw-p 00000000 00:00 0 
ec760000-edae0000 rw-p 00000000 00:00 0 
edae0000-100000000 rw-p 00000000 00:00 0 
33fc200000-33fc220000 r-xp 00000000 08:03 9589                           /lib64/ld-2.12.so
33fc41f000-33fc420000 r--p 0001f000 08:03 9589                           /lib64/ld-2.12.so
33fc420000-33fc421000 rw-p 00020000 08:03 9589                           /lib64/ld-2.12.so
33fc421000-33fc422000 rw-p 00000000 00:00 0 
33fc600000-33fc683000 r-xp 00000000 08:03 10052                          /lib64/libm-2.12.so
33fc683000-33fc882000 ---p 00083000 08:03 10052                          /lib64/libm-2.12.so
33fc882000-33fc883000 r--p 00082000 08:03 10052                          /lib64/libm-2.12.so
33fc883000-33fc884000 rw-p 00083000 08:03 10052                          /lib64/libm-2.12.so
33fca00000-33fcb8b000 r-xp 00000000 08:03 10044                          /lib64/libc-2.12.so
33fcb8b000-33fcd8a000 ---p 0018b000 08:03 10044                          /lib64/libc-2.12.so
33fcd8a000-33fcd8e000 r--p 0018a000 08:03 10044                          /lib64/libc-2.12.so
33fcd8e000-33fcd8f000 rw-p 0018e000 08:03 10044                          /lib64/libc-2.12.so
33fcd8f000-33fcd94000 rw-p 00000000 00:00 0 
33fce00000-33fce02000 r-xp 00000000 08:03 10047                          /lib64/libdl-2.12.so
33fce02000-33fd002000 ---p 00002000 08:03 10047                          /lib64/libdl-2.12.so
33fd002000-33fd003000 r--p 00002000 08:03 10047                          /lib64/libdl-2.12.so
33fd003000-33fd004000 rw-p 00003000 08:03 10047                          /lib64/libdl-2.12.so
33fd200000-33fd217000 r-xp 00000000 08:03 10046                          /lib64/libpthread-2.12.so
33fd217000-33fd417000 ---p 00017000 08:03 10046                          /lib64/libpthread-2.12.so
33fd417000-33fd418000 r--p 00017000 08:03 10046                          /lib64/libpthread-2.12.so
33fd418000-33fd419000 rw-p 00018000 08:03 10046                          /lib64/libpthread-2.12.so
33fd419000-33fd41d000 rw-p 00000000 00:00 0 
33fda00000-33fda07000 r-xp 00000000 08:03 10049                          /lib64/librt-2.12.so
33fda07000-33fdc06000 ---p 00007000 08:03 10049                          /lib64/librt-2.12.so
33fdc06000-33fdc07000 r--p 00006000 08:03 10049                          /lib64/librt-2.12.so
33fdc07000-33fdc08000 rw-p 00007000 08:03 10049                          /lib64/librt-2.12.so
7fa2ec000000-7fa2ec021000 rw-p 00000000 00:00 0 
7fa2ec021000-7fa2f0000000 ---p 00000000 00:00 0 
7fa2f4000000-7fa2f4021000 rw-p 00000000 00:00 0 
7fa2f4021000-7fa2f8000000 ---p 00000000 00:00 0 
7fa2fc000000-7fa2fc021000 rw-p 00000000 00:00 0 
7fa2fc021000-7fa300000000 ---p 00000000 00:00 0 
7fa302020000-7fa304000000 rw-p 00000000 00:00 0 
7fa304000000-7fa304021000 rw-p 00000000 00:00 0 
7fa304021000-7fa308000000 ---p 00000000 00:00 0 
7fa308e08000-7fa309000000 rw-p 00000000 00:00 0 
7fa309000000-7fa309270000 rwxp 00000000 00:00 0 
7fa309270000-7fa30c05c000 rw-p 00000000 00:00 0 
7fa30c05c000-7fa310000000 ---p 00000000 00:00 0 
7fa310025000-7fa310026000 rw-p 00000000 00:00 0 
7fa310026000-7fa310036000 r--s 000bf000 00:17 21717468                   /bham/pd/packages/EL6/x86_64/leJOS_NXJ_0.9.1beta-3/lib/nxt/classes.jar
7fa310036000-7fa310856000 rw-p 00000000 00:00 0 
7fa310856000-7fa310857000 ---p 00000000 00:00 0 
7fa310857000-7fa310957000 rw-p 00000000 00:00 0 
7fa310957000-7fa310958000 ---p 00000000 00:00 0 
7fa310958000-7fa310a58000 rw-p 00000000 00:00 0 
7fa310a58000-7fa310a59000 ---p 00000000 00:00 0 
7fa310a59000-7fa310b59000 rw-p 00000000 00:00 0 
7fa310b59000-7fa310b5a000 ---p 00000000 00:00 0 
7fa310b5a000-7fa310c65000 rw-p 00000000 00:00 0 
7fa310c65000-7fa310c83000 rw-p 00000000 00:00 0 
7fa310c83000-7fa310c97000 rw-p 00000000 00:00 0 
7fa310c97000-7fa310dbc000 rw-p 00000000 00:00 0 
7fa310dbc000-7fa310dc7000 rw-p 00000000 00:00 0 
7fa310dc7000-7fa310de5000 rw-p 00000000 00:00 0 
7fa310de5000-7fa310df9000 rw-p 00000000 00:00 0 
7fa310df9000-7fa310f1d000 rw-p 00000000 00:00 0 
7fa310f1d000-7fa310f28000 rw-p 00000000 00:00 0 
7fa310f28000-7fa310fba000 rw-p 00000000 00:00 0 
7fa310fba000-7fa310fc5000 rw-p 00000000 00:00 0 
7fa310fc5000-7fa31107b000 rw-p 00000000 00:00 0 
7fa31107b000-7fa311095000 r-xp 00000000 08:01 1835199                    /usr/java/jdk1.7.0/jre/lib/amd64/libzip.so
7fa311095000-7fa311295000 ---p 0001a000 08:01 1835199                    /usr/java/jdk1.7.0/jre/lib/amd64/libzip.so
7fa311295000-7fa311296000 rw-p 0001a000 08:01 1835199                    /usr/java/jdk1.7.0/jre/lib/amd64/libzip.so
7fa311296000-7fa3112d9000 r--s 00000000 08:02 132313                     /var/db/nscd/passwd
7fa3112d9000-7fa311302000 r-xp 00000000 08:01 1835168                    /usr/java/jdk1.7.0/jre/lib/amd64/libjava.so
7fa311302000-7fa311502000 ---p 00029000 08:01 1835168                    /usr/java/jdk1.7.0/jre/lib/amd64/libjava.so
7fa311502000-7fa311504000 rw-p 00029000 08:01 1835168                    /usr/java/jdk1.7.0/jre/lib/amd64/libjava.so
7fa311504000-7fa311511000 r-xp 00000000 08:01 1835198                    /usr/java/jdk1.7.0/jre/lib/amd64/libverify.so
7fa311511000-7fa311710000 ---p 0000d000 08:01 1835198                    /usr/java/jdk1.7.0/jre/lib/amd64/libverify.so
7fa311710000-7fa311712000 rw-p 0000c000 08:01 1835198                    /usr/java/jdk1.7.0/jre/lib/amd64/libverify.so
7fa311712000-7fa311715000 ---p 00000000 00:00 0 
7fa311715000-7fa311813000 rw-p 00000000 00:00 0 
7fa311813000-7fa31225a000 r-xp 00000000 08:01 1835203                    /usr/java/jdk1.7.0/jre/lib/amd64/server/libjvm.so
7fa31225a000-7fa312459000 ---p 00a47000 08:01 1835203                    /usr/java/jdk1.7.0/jre/lib/amd64/server/libjvm.so
7fa312459000-7fa3124fd000 rw-p 00a46000 08:01 1835203                    /usr/java/jdk1.7.0/jre/lib/amd64/server/libjvm.so
7fa3124fd000-7fa31253c000 rw-p 00000000 00:00 0 
7fa31253c000-7fa312552000 r-xp 00000000 08:01 1835150                    /usr/java/jdk1.7.0/jre/lib/amd64/jli/libjli.so
7fa312552000-7fa312751000 ---p 00016000 08:01 1835150                    /usr/java/jdk1.7.0/jre/lib/amd64/jli/libjli.so
7fa312751000-7fa312752000 rw-p 00015000 08:01 1835150                    /usr/java/jdk1.7.0/jre/lib/amd64/jli/libjli.so
7fa312752000-7fa312753000 rw-p 00000000 00:00 0 
7fa31276e000-7fa312776000 rw-s 00000000 08:06 63                         /tmp/hsperfdata_cyc341/12072
7fa312776000-7fa312777000 rw-p 00000000 00:00 0 
7fa312777000-7fa312778000 r--p 00000000 00:00 0 
7fa312778000-7fa312779000 rw-p 00000000 00:00 0 
7fff9e2ed000-7fff9e303000 rw-p 00000000 00:00 0                          [stack]
7fff9e369000-7fff9e36a000 r-xp 00000000 00:00 0                          [vdso]
ffffffffff600000-ffffffffff601000 r-xp 00000000 00:00 0                  [vsyscall]

VM Arguments:
jvm_args: -Dfile.encoding=UTF-8 -Xbootclasspath:/bham/pd/packages/SL6/x86_64/leJOS_NXJ_0.9.1beta-3/lib/nxt/classes.jar 
java_command: localisation.Localisation
Launcher Type: SUN_STANDARD

Environment Variables:
JAVA_HOME=/usr/java/jdk1.7.0
CLASSPATH=.
PATH=/bham/pd/packages/SL6/x86_64/leJOS_NXJ_0.9.1beta-3/bin:/bham/pd/packages/SL6/x86_64/apache-ant-1.9.3/bin:/usr/lib64/qt-3.3/bin:/bham/pd/packages/SL6/x86_64/apache-maven-3.0.4/bin:/usr/java/jdk1.7.0/bin:/bham/com/packages/matlab-R2010bSP1-x64/bin:/bham/com/packages/sicstus-4.2.0/bin:/usr/local/bin:/bham/pd/packages/SL6/x86_64/bin:/bham/pd/packages/SL6/x86_64/scilab-5.3.3/bin:/usr/local/bin:/bham/bin:/bham/com/bin:/bin:/usr/bin:/usr/local/bin:/bham/bin:/bham/pd/bin:/bham/com/bin:/bin:/usr/bin:/bham/pd/bin:/bin:.:/usr/bin:.
USERNAME=cyc341
LD_LIBRARY_PATH=/usr/java/jdk1.7.0/jre/lib/amd64/server:/usr/java/jdk1.7.0/jre/lib/amd64:/usr/java/jdk1.7.0/jre/../lib/amd64:/lib:/usr/lib:/bham/pd/lib:/usr/java/jdk1.7.0/jre/lib:/usr/java/jdk1.7.0/jre/lib/amd64/xawt:/usr/java/jdk1.7.0/jre/lib/amd64:/usr/java/jdk1.7.0/jre/lib/amd64/server:/bham/pd/packages/SL6/x86_64/scilab-5.3.3/lib:/bham/X11/lib:/bham/X11/pd/lib
SHELL=/bin/tcsh
DISPLAY=:0.0
HOSTTYPE=x86_64-linux
OSTYPE=linux
MACHTYPE=x86_64

Signal Handlers:
SIGSEGV: [libjvm.so+0x8a5c80], sa_mask[0]=0x7ffbfeff, sa_flags=0x10000004
SIGBUS: [libjvm.so+0x8a5c80], sa_mask[0]=0x7ffbfeff, sa_flags=0x10000004
SIGFPE: [libjvm.so+0x741d60], sa_mask[0]=0x7ffbfeff, sa_flags=0x10000004
SIGPIPE: [libjvm.so+0x741d60], sa_mask[0]=0x7ffbfeff, sa_flags=0x10000004
SIGXFSZ: [libjvm.so+0x741d60], sa_mask[0]=0x7ffbfeff, sa_flags=0x10000004
SIGILL: [libjvm.so+0x741d60], sa_mask[0]=0x7ffbfeff, sa_flags=0x10000004
SIGUSR1: SIG_DFL, sa_mask[0]=0x00000000, sa_flags=0x00000000
SIGUSR2: [libjvm.so+0x7416b0], sa_mask[0]=0x00000004, sa_flags=0x10000004
SIGHUP: SIG_DFL, sa_mask[0]=0x00000000, sa_flags=0x00000000
SIGINT: SIG_DFL, sa_mask[0]=0x00000000, sa_flags=0x00000000
SIGTERM: SIG_DFL, sa_mask[0]=0x00000000, sa_flags=0x00000000
SIGQUIT: SIG_DFL, sa_mask[0]=0x00000000, sa_flags=0x00000000


---------------  S Y S T E M  ---------------

OS:Scientific Linux release 6.5 (Carbon)

uname:Linux 2.6.32-431.5.1.el6.x86_64 #1 SMP Tue Feb 11 13:30:01 CST 2014 x86_64
libc:glibc 2.12 NPTL 2.12 
rlimit: STACK 10240k, CORE 0k, NPROC 1024, NOFILE 4096, AS infinity
load average:0.13 0.20 0.22

/proc/meminfo:
MemTotal:        3839648 kB
MemFree:         1794604 kB
Buffers:          169228 kB
Cached:           836972 kB
SwapCached:            0 kB
Active:          1395844 kB
Inactive:         422088 kB
Active(anon):     812180 kB
Inactive(anon):    57040 kB
Active(file):     583664 kB
Inactive(file):   365048 kB
Unevictable:           0 kB
Mlocked:               0 kB
SwapTotal:       4194296 kB
SwapFree:        4194296 kB
Dirty:                68 kB
Writeback:             0 kB
AnonPages:        805740 kB
Mapped:           102824 kB
Shmem:             57588 kB
Slab:             147968 kB
SReclaimable:     111692 kB
SUnreclaim:        36276 kB
KernelStack:        3096 kB
PageTables:        24748 kB
NFS_Unstable:          0 kB
Bounce:                0 kB
WritebackTmp:          0 kB
CommitLimit:     6114120 kB
Committed_AS:    1898532 kB
VmallocTotal:   34359738367 kB
VmallocUsed:      421748 kB
VmallocChunk:   34359311236 kB
HardwareCorrupted:     0 kB
AnonHugePages:    387072 kB
HugePages_Total:       0
HugePages_Free:        0
HugePages_Rsvd:        0
HugePages_Surp:        0
Hugepagesize:       2048 kB
DirectMap4k:        8192 kB
DirectMap2M:     4104192 kB


CPU:total 4 (4 cores per cpu, 1 threads per core) family 6 model 15 stepping 11, cmov, cx8, fxsr, mmx, sse, sse2, sse3, ssse3, tsc

/proc/cpuinfo:
processor	: 0
vendor_id	: GenuineIntel
cpu family	: 6
model		: 15
model name	: Intel(R) Core(TM)2 Quad CPU    Q6600  @ 2.40GHz
stepping	: 11
cpu MHz		: 1596.000
cache size	: 4096 KB
physical id	: 0
siblings	: 4
core id		: 0
cpu cores	: 4
apicid		: 0
initial apicid	: 0
fpu		: yes
fpu_exception	: yes
cpuid level	: 10
wp		: yes
flags		: fpu vme de pse tsc msr pae mce cx8 apic sep mtrr pge mca cmov pat pse36 clflush dts acpi mmx fxsr sse sse2 ss ht tm pbe syscall nx lm constant_tsc arch_perfmon pebs bts rep_good aperfmperf pni dtes64 monitor ds_cpl vmx est tm2 ssse3 cx16 xtpr pdcm lahf_lm dts tpr_shadow vnmi flexpriority
bogomips	: 4787.62
clflush size	: 64
cache_alignment	: 64
address sizes	: 36 bits physical, 48 bits virtual
power management:

processor	: 1
vendor_id	: GenuineIntel
cpu family	: 6
model		: 15
model name	: Intel(R) Core(TM)2 Quad CPU    Q6600  @ 2.40GHz
stepping	: 11
cpu MHz		: 2394.000
cache size	: 4096 KB
physical id	: 0
siblings	: 4
core id		: 2
cpu cores	: 4
apicid		: 2
initial apicid	: 2
fpu		: yes
fpu_exception	: yes
cpuid level	: 10
wp		: yes
flags		: fpu vme de pse tsc msr pae mce cx8 apic sep mtrr pge mca cmov pat pse36 clflush dts acpi mmx fxsr sse sse2 ss ht tm pbe syscall nx lm constant_tsc arch_perfmon pebs bts rep_good aperfmperf pni dtes64 monitor ds_cpl vmx est tm2 ssse3 cx16 xtpr pdcm lahf_lm dts tpr_shadow vnmi flexpriority
bogomips	: 4787.62
clflush size	: 64
cache_alignment	: 64
address sizes	: 36 bits physical, 48 bits virtual
power management:

processor	: 2
vendor_id	: GenuineIntel
cpu family	: 6
model		: 15
model name	: Intel(R) Core(TM)2 Quad CPU    Q6600  @ 2.40GHz
stepping	: 11
cpu MHz		: 1596.000
cache size	: 4096 KB
physical id	: 0
siblings	: 4
core id		: 1
cpu cores	: 4
apicid		: 1
initial apicid	: 1
fpu		: yes
fpu_exception	: yes
cpuid level	: 10
wp		: yes
flags		: fpu vme de pse tsc msr pae mce cx8 apic sep mtrr pge mca cmov pat pse36 clflush dts acpi mmx fxsr sse sse2 ss ht tm pbe syscall nx lm constant_tsc arch_perfmon pebs bts rep_good aperfmperf pni dtes64 monitor ds_cpl vmx est tm2 ssse3 cx16 xtpr pdcm lahf_lm dts tpr_shadow vnmi flexpriority
bogomips	: 4787.62
clflush size	: 64
cache_alignment	: 64
address sizes	: 36 bits physical, 48 bits virtual
power management:

processor	: 3
vendor_id	: GenuineIntel
cpu family	: 6
model		: 15
model name	: Intel(R) Core(TM)2 Quad CPU    Q6600  @ 2.40GHz
stepping	: 11
cpu MHz		: 2394.000
cache size	: 4096 KB
physical id	: 0
siblings	: 4
core id		: 3
cpu cores	: 4
apicid		: 3
initial apicid	: 3
fpu		: yes
fpu_exception	: yes
cpuid level	: 10
wp		: yes
flags		: fpu vme de pse tsc msr pae mce cx8 apic sep mtrr pge mca cmov pat pse36 clflush dts acpi mmx fxsr sse sse2 ss ht tm pbe syscall nx lm constant_tsc arch_perfmon pebs bts rep_good aperfmperf pni dtes64 monitor ds_cpl vmx est tm2 ssse3 cx16 xtpr pdcm lahf_lm dts tpr_shadow vnmi flexpriority
bogomips	: 4787.62
clflush size	: 64
cache_alignment	: 64
address sizes	: 36 bits physical, 48 bits virtual
power management:



Memory: 4k page, physical 3839648k(1794356k free), swap 4194296k(4194296k free)

vm_info: Java HotSpot(TM) 64-Bit Server VM (23.5-b02) for linux-amd64 JRE (1.7.0_09-b05), built on Sep 24 2012 20:07:15 by "java_re" with gcc 4.3.0 20080428 (Red Hat 4.3.0-8)

time: Mon Mar 24 14:45:56 2014
elapsed time: 0 seconds

